<?xml version="1.0" encoding="UTF-8"?>
<conversion>
  <applied-converters>
    <converter id="js-debug-configuration-converter" />
    <converter id="js-predefined-libraries-merged" />
  </applied-converters>
  <project-files>
    <file path="/home/benoit/workspace/test-sf2/.idea/codeStyleSettings.xml" timestamp="1414940166000" />
    <file path="/home/benoit/workspace/test-sf2/.idea/deployment.xml" timestamp="1414785009000" />
    <file path="/home/benoit/workspace/test-sf2/.idea/dictionaries/benoit.xml" timestamp="1414862989000" />
    <file path="/home/benoit/workspace/test-sf2/.idea/encodings.xml" timestamp="1414785009000" />
    <file path="/home/benoit/workspace/test-sf2/.idea/frameworkRootSettings.xml" timestamp="1414785133000" />
    <file path="/home/benoit/workspace/test-sf2/.idea/misc.xml" timestamp="1414785009000" />
    <file path="/home/benoit/workspace/test-sf2/.idea/modules.xml" timestamp="1414785009000" />
    <file path="/home/benoit/workspace/test-sf2/.idea/php.xml" timestamp="1414863650000" />
    <file path="/home/benoit/workspace/test-sf2/.idea/scopes/scope_settings.xml" timestamp="1414785009000" />
    <file path="/home/benoit/workspace/test-sf2/.idea/symfony2.xml" timestamp="1415723360000" />
    <file path="/home/benoit/workspace/test-sf2/.idea/test-sf2.iml" timestamp="1414863650000" />
    <file path="/home/benoit/workspace/test-sf2/.idea/vagrant.xml" timestamp="1414791018000" />
    <file path="/home/benoit/workspace/test-sf2/.idea/vcs.xml" timestamp="1414785009000" />
    <file path="/home/benoit/workspace/test-sf2/.idea/workspace.xml" timestamp="1415914599000" />
  </project-files>
</conversion>

